This file contains any messages produced by compilers while
running configure, to aid debugging if configure makes a mistake.

It was created by Syntactic configure 0.1.2, which was
generated by GNU Autoconf 2.59.  Invocation command line was

  $ ./configure 

## --------- ##
## Platform. ##
## --------- ##

hostname = musicBox
uname -m = x86_64
uname -r = 3.16.0-28-lowlatency
uname -s = Linux
uname -v = #37-Ubuntu SMP PREEMPT Mon Dec 8 17:44:28 UTC 2014

/usr/bin/uname -p = unknown
/bin/uname -X     = unknown

/bin/arch              = unknown
/usr/bin/arch -k       = unknown
/usr/convex/getsysinfo = unknown
hostinfo               = unknown
/bin/machine           = unknown
/usr/bin/oslevel       = unknown
/bin/universe          = unknown

PATH: /usr/local/sbin
PATH: /usr/local/bin
PATH: /usr/sbin
PATH: /usr/bin
PATH: /sbin
PATH: /bin
PATH: /usr/games
PATH: /usr/local/games
PATH: /usr/local/cuda/bin


## ----------- ##
## Core tests. ##
## ----------- ##

configure:1553: checking for ranlib
configure:1569: found /usr/bin/ranlib
configure:1580: result: ranlib
configure:1695: checking build system type
configure:1713: result: x86_64-unknown-linux-gnu
configure:1721: checking host system type
configure:1735: result: x86_64-unknown-linux-gnu
configure:1789: checking for gcc
configure:1805: found /usr/bin/gcc
configure:1815: result: gcc
configure:2059: checking for C compiler version
configure:2062: gcc --version </dev/null >&5
gcc (Ubuntu/Linaro 4.4.7-8ubuntu1) 4.4.7
Copyright (C) 2010 Free Software Foundation, Inc.
This is free software; see the source for copying conditions.  There is NO
warranty; not even for MERCHANTABILITY or FITNESS FOR A PARTICULAR PURPOSE.

configure:2065: $? = 0
configure:2067: gcc -v </dev/null >&5
Using built-in specs.
Target: x86_64-linux-gnu
Configured with: ../src/configure -v --with-pkgversion='Ubuntu/Linaro 4.4.7-8ubuntu1' --with-bugurl=file:///usr/share/doc/gcc-4.4/README.Bugs --enable-languages=c,c++,fortran --prefix=/usr --program-suffix=-4.4 --enable-shared --enable-linker-build-id --with-system-zlib --libexecdir=/usr/lib --without-included-gettext --enable-threads=posix --with-gxx-include-dir=/usr/include/c++/4.4 --libdir=/usr/lib --enable-nls --with-sysroot=/ --enable-clocale=gnu --enable-libstdcxx-debug --disable-libmudflap --disable-werror --with-arch-32=i686 --with-tune=generic --enable-checking=release --build=x86_64-linux-gnu --host=x86_64-linux-gnu --target=x86_64-linux-gnu
Thread model: posix
gcc version 4.4.7 (Ubuntu/Linaro 4.4.7-8ubuntu1) 
configure:2070: $? = 0
configure:2072: gcc -V </dev/null >&5
gcc: '-V' option must have argument
configure:2075: $? = 1
configure:2098: checking for C compiler default output file name
configure:2101: gcc    conftest.c  >&5
configure:2104: $? = 0
configure:2150: result: a.out
configure:2155: checking whether the C compiler works
configure:2161: ./a.out
configure:2164: $? = 0
configure:2181: result: yes
configure:2188: checking whether we are cross compiling
configure:2190: result: no
configure:2193: checking for suffix of executables
configure:2195: gcc -o conftest    conftest.c  >&5
configure:2198: $? = 0
configure:2223: result: 
configure:2229: checking for suffix of object files
configure:2250: gcc -c   conftest.c >&5
configure:2253: $? = 0
configure:2275: result: o
configure:2279: checking whether we are using the GNU C compiler
configure:2303: gcc -c   conftest.c >&5
configure:2309: $? = 0
configure:2313: test -z 
			 || test ! -s conftest.err
configure:2316: $? = 0
configure:2319: test -s conftest.o
configure:2322: $? = 0
configure:2335: result: yes
configure:2341: checking whether gcc accepts -g
configure:2362: gcc -c -g  conftest.c >&5
configure:2368: $? = 0
configure:2372: test -z 
			 || test ! -s conftest.err
configure:2375: $? = 0
configure:2378: test -s conftest.o
configure:2381: $? = 0
configure:2392: result: yes
configure:2409: checking for gcc option to accept ANSI C
configure:2479: gcc  -c -g -O2  conftest.c >&5
configure:2485: $? = 0
configure:2489: test -z 
			 || test ! -s conftest.err
configure:2492: $? = 0
configure:2495: test -s conftest.o
configure:2498: $? = 0
configure:2516: result: none needed
configure:2534: gcc -c -g -O2  conftest.c >&5
conftest.c:2: error: expected '=', ',', ';', 'asm' or '__attribute__' before 'me'
configure:2540: $? = 1
configure: failed program was:
| #ifndef __cplusplus
|   choke me
| #endif
configure:2673: checking for a sed that does not truncate output
configure:2727: result: /bin/sed
configure:2730: checking for egrep
configure:2740: result: grep -E
configure:2756: checking for ld used by gcc
configure:2823: result: /usr/bin/ld
configure:2832: checking if the linker (/usr/bin/ld) is GNU ld
configure:2847: result: yes
configure:2852: checking for /usr/bin/ld option to reload object files
configure:2859: result: -r
configure:2877: checking for BSD-compatible nm
configure:2926: result: /usr/bin/nm -B
configure:2930: checking whether ln -s works
configure:2934: result: yes
configure:2941: checking how to recognise dependent libraries
configure:3117: result: pass_all
configure:3205: gcc -c -g -O2  conftest.c >&5
configure:3208: $? = 0
configure:3354: checking how to run the C preprocessor
configure:3389: gcc -E  conftest.c
configure:3395: $? = 0
configure:3427: gcc -E  conftest.c
conftest.c:9: fatal error: ac_nonexistent.h: No such file or directory
compilation terminated.
configure:3433: $? = 1
configure: failed program was:
| /* confdefs.h.  */
| 
| #define PACKAGE_NAME "Syntactic"
| #define PACKAGE_TARNAME "syntactic"
| #define PACKAGE_VERSION "0.1.2"
| #define PACKAGE_STRING "Syntactic 0.1.2"
| #define PACKAGE_BUGREPORT "BUG-REPORT-ADDRESS"
| /* end confdefs.h.  */
| #include <ac_nonexistent.h>
configure:3472: result: gcc -E
configure:3496: gcc -E  conftest.c
configure:3502: $? = 0
configure:3534: gcc -E  conftest.c
conftest.c:9: fatal error: ac_nonexistent.h: No such file or directory
compilation terminated.
configure:3540: $? = 1
configure: failed program was:
| /* confdefs.h.  */
| 
| #define PACKAGE_NAME "Syntactic"
| #define PACKAGE_TARNAME "syntactic"
| #define PACKAGE_VERSION "0.1.2"
| #define PACKAGE_STRING "Syntactic 0.1.2"
| #define PACKAGE_BUGREPORT "BUG-REPORT-ADDRESS"
| /* end confdefs.h.  */
| #include <ac_nonexistent.h>
configure:3584: checking for ANSI C header files
configure:3609: gcc -c -g -O2  conftest.c >&5
configure:3615: $? = 0
configure:3619: test -z 
			 || test ! -s conftest.err
configure:3622: $? = 0
configure:3625: test -s conftest.o
configure:3628: $? = 0
configure:3717: gcc -o conftest -g -O2   conftest.c  >&5
conftest.c: In function 'main':
conftest.c:26: warning: incompatible implicit declaration of built-in function 'exit'
configure:3720: $? = 0
configure:3722: ./conftest
configure:3725: $? = 0
configure:3740: result: yes
configure:3764: checking for sys/types.h
configure:3780: gcc -c -g -O2  conftest.c >&5
configure:3786: $? = 0
configure:3790: test -z 
			 || test ! -s conftest.err
configure:3793: $? = 0
configure:3796: test -s conftest.o
configure:3799: $? = 0
configure:3810: result: yes
configure:3764: checking for sys/stat.h
configure:3780: gcc -c -g -O2  conftest.c >&5
configure:3786: $? = 0
configure:3790: test -z 
			 || test ! -s conftest.err
configure:3793: $? = 0
configure:3796: test -s conftest.o
configure:3799: $? = 0
configure:3810: result: yes
configure:3764: checking for stdlib.h
configure:3780: gcc -c -g -O2  conftest.c >&5
configure:3786: $? = 0
configure:3790: test -z 
			 || test ! -s conftest.err
configure:3793: $? = 0
configure:3796: test -s conftest.o
configure:3799: $? = 0
configure:3810: result: yes
configure:3764: checking for string.h
configure:3780: gcc -c -g -O2  conftest.c >&5
configure:3786: $? = 0
configure:3790: test -z 
			 || test ! -s conftest.err
configure:3793: $? = 0
configure:3796: test -s conftest.o
configure:3799: $? = 0
configure:3810: result: yes
configure:3764: checking for memory.h
configure:3780: gcc -c -g -O2  conftest.c >&5
configure:3786: $? = 0
configure:3790: test -z 
			 || test ! -s conftest.err
configure:3793: $? = 0
configure:3796: test -s conftest.o
configure:3799: $? = 0
configure:3810: result: yes
configure:3764: checking for strings.h
configure:3780: gcc -c -g -O2  conftest.c >&5
configure:3786: $? = 0
configure:3790: test -z 
			 || test ! -s conftest.err
configure:3793: $? = 0
configure:3796: test -s conftest.o
configure:3799: $? = 0
configure:3810: result: yes
configure:3764: checking for inttypes.h
configure:3780: gcc -c -g -O2  conftest.c >&5
configure:3786: $? = 0
configure:3790: test -z 
			 || test ! -s conftest.err
configure:3793: $? = 0
configure:3796: test -s conftest.o
configure:3799: $? = 0
configure:3810: result: yes
configure:3764: checking for stdint.h
configure:3780: gcc -c -g -O2  conftest.c >&5
configure:3786: $? = 0
configure:3790: test -z 
			 || test ! -s conftest.err
configure:3793: $? = 0
configure:3796: test -s conftest.o
configure:3799: $? = 0
configure:3810: result: yes
configure:3764: checking for unistd.h
configure:3780: gcc -c -g -O2  conftest.c >&5
configure:3786: $? = 0
configure:3790: test -z 
			 || test ! -s conftest.err
configure:3793: $? = 0
configure:3796: test -s conftest.o
configure:3799: $? = 0
configure:3810: result: yes
configure:3836: checking dlfcn.h usability
configure:3848: gcc -c -g -O2  conftest.c >&5
configure:3854: $? = 0
configure:3858: test -z 
			 || test ! -s conftest.err
configure:3861: $? = 0
configure:3864: test -s conftest.o
configure:3867: $? = 0
configure:3877: result: yes
configure:3881: checking dlfcn.h presence
configure:3891: gcc -E  conftest.c
configure:3897: $? = 0
configure:3917: result: yes
configure:3952: checking for dlfcn.h
configure:3959: result: yes
configure:4024: checking for g++
configure:4040: found /usr/bin/g++
configure:4050: result: g++
configure:4066: checking for C++ compiler version
configure:4069: g++ --version </dev/null >&5
g++ (Ubuntu/Linaro 4.4.7-8ubuntu1) 4.4.7
Copyright (C) 2010 Free Software Foundation, Inc.
This is free software; see the source for copying conditions.  There is NO
warranty; not even for MERCHANTABILITY or FITNESS FOR A PARTICULAR PURPOSE.

configure:4072: $? = 0
configure:4074: g++ -v </dev/null >&5
Using built-in specs.
Target: x86_64-linux-gnu
Configured with: ../src/configure -v --with-pkgversion='Ubuntu/Linaro 4.4.7-8ubuntu1' --with-bugurl=file:///usr/share/doc/gcc-4.4/README.Bugs --enable-languages=c,c++,fortran --prefix=/usr --program-suffix=-4.4 --enable-shared --enable-linker-build-id --with-system-zlib --libexecdir=/usr/lib --without-included-gettext --enable-threads=posix --with-gxx-include-dir=/usr/include/c++/4.4 --libdir=/usr/lib --enable-nls --with-sysroot=/ --enable-clocale=gnu --enable-libstdcxx-debug --disable-libmudflap --disable-werror --with-arch-32=i686 --with-tune=generic --enable-checking=release --build=x86_64-linux-gnu --host=x86_64-linux-gnu --target=x86_64-linux-gnu
Thread model: posix
gcc version 4.4.7 (Ubuntu/Linaro 4.4.7-8ubuntu1) 
configure:4077: $? = 0
configure:4079: g++ -V </dev/null >&5
g++: '-V' option must have argument
configure:4082: $? = 1
configure:4085: checking whether we are using the GNU C++ compiler
configure:4109: g++ -c   conftest.cc >&5
configure:4115: $? = 0
configure:4119: test -z 
			 || test ! -s conftest.err
configure:4122: $? = 0
configure:4125: test -s conftest.o
configure:4128: $? = 0
configure:4141: result: yes
configure:4147: checking whether g++ accepts -g
configure:4168: g++ -c -g  conftest.cc >&5
configure:4174: $? = 0
configure:4178: test -z 
			 || test ! -s conftest.err
configure:4181: $? = 0
configure:4184: test -s conftest.o
configure:4187: $? = 0
configure:4198: result: yes
configure:4240: g++ -c -g -O2  conftest.cc >&5
configure:4246: $? = 0
configure:4250: test -z 
			 || test ! -s conftest.err
configure:4253: $? = 0
configure:4256: test -s conftest.o
configure:4259: $? = 0
configure:4285: g++ -c -g -O2  conftest.cc >&5
conftest.cc: In function 'int main()':
conftest.cc:24: error: 'exit' was not declared in this scope
configure:4291: $? = 1
configure: failed program was:
| /* confdefs.h.  */
| 
| #define PACKAGE_NAME "Syntactic"
| #define PACKAGE_TARNAME "syntactic"
| #define PACKAGE_VERSION "0.1.2"
| #define PACKAGE_STRING "Syntactic 0.1.2"
| #define PACKAGE_BUGREPORT "BUG-REPORT-ADDRESS"
| #define STDC_HEADERS 1
| #define HAVE_SYS_TYPES_H 1
| #define HAVE_SYS_STAT_H 1
| #define HAVE_STDLIB_H 1
| #define HAVE_STRING_H 1
| #define HAVE_MEMORY_H 1
| #define HAVE_STRINGS_H 1
| #define HAVE_INTTYPES_H 1
| #define HAVE_STDINT_H 1
| #define HAVE_UNISTD_H 1
| #define HAVE_DLFCN_H 1
| /* end confdefs.h.  */
| 
| int
| main ()
| {
| exit (42);
|   ;
|   return 0;
| }
configure:4240: g++ -c -g -O2  conftest.cc >&5
conftest.cc:20: error: 'void std::exit(int)' should have been declared inside 'std'
configure:4246: $? = 1
configure: failed program was:
| /* confdefs.h.  */
| 
| #define PACKAGE_NAME "Syntactic"
| #define PACKAGE_TARNAME "syntactic"
| #define PACKAGE_VERSION "0.1.2"
| #define PACKAGE_STRING "Syntactic 0.1.2"
| #define PACKAGE_BUGREPORT "BUG-REPORT-ADDRESS"
| #define STDC_HEADERS 1
| #define HAVE_SYS_TYPES_H 1
| #define HAVE_SYS_STAT_H 1
| #define HAVE_STDLIB_H 1
| #define HAVE_STRING_H 1
| #define HAVE_MEMORY_H 1
| #define HAVE_STRINGS_H 1
| #define HAVE_INTTYPES_H 1
| #define HAVE_STDINT_H 1
| #define HAVE_UNISTD_H 1
| #define HAVE_DLFCN_H 1
| /* end confdefs.h.  */
| extern "C" void std::exit (int) throw (); using std::exit;
| #include <stdlib.h>
| int
| main ()
| {
| exit (42);
|   ;
|   return 0;
| }
configure:4240: g++ -c -g -O2  conftest.cc >&5
conftest.cc:20: error: 'void std::exit(int)' should have been declared inside 'std'
In file included from conftest.cc:21:
/usr/include/stdlib.h:543: error: declaration of 'void std::exit(int) throw ()' throws different exceptions
conftest.cc:20: error: from previous declaration 'void std::exit(int)'
configure:4246: $? = 1
configure: failed program was:
| /* confdefs.h.  */
| 
| #define PACKAGE_NAME "Syntactic"
| #define PACKAGE_TARNAME "syntactic"
| #define PACKAGE_VERSION "0.1.2"
| #define PACKAGE_STRING "Syntactic 0.1.2"
| #define PACKAGE_BUGREPORT "BUG-REPORT-ADDRESS"
| #define STDC_HEADERS 1
| #define HAVE_SYS_TYPES_H 1
| #define HAVE_SYS_STAT_H 1
| #define HAVE_STDLIB_H 1
| #define HAVE_STRING_H 1
| #define HAVE_MEMORY_H 1
| #define HAVE_STRINGS_H 1
| #define HAVE_INTTYPES_H 1
| #define HAVE_STDINT_H 1
| #define HAVE_UNISTD_H 1
| #define HAVE_DLFCN_H 1
| /* end confdefs.h.  */
| extern "C" void std::exit (int); using std::exit;
| #include <stdlib.h>
| int
| main ()
| {
| exit (42);
|   ;
|   return 0;
| }
configure:4240: g++ -c -g -O2  conftest.cc >&5
configure:4246: $? = 0
configure:4250: test -z 
			 || test ! -s conftest.err
configure:4253: $? = 0
configure:4256: test -s conftest.o
configure:4259: $? = 0
configure:4285: g++ -c -g -O2  conftest.cc >&5
configure:4291: $? = 0
configure:4295: test -z 
			 || test ! -s conftest.err
configure:4298: $? = 0
configure:4301: test -s conftest.o
configure:4304: $? = 0
configure:4337: checking how to run the C++ preprocessor
configure:4368: g++ -E  conftest.cc
configure:4374: $? = 0
configure:4406: g++ -E  conftest.cc
conftest.cc:23: fatal error: ac_nonexistent.h: No such file or directory
compilation terminated.
configure:4412: $? = 1
configure: failed program was:
| /* confdefs.h.  */
| 
| #define PACKAGE_NAME "Syntactic"
| #define PACKAGE_TARNAME "syntactic"
| #define PACKAGE_VERSION "0.1.2"
| #define PACKAGE_STRING "Syntactic 0.1.2"
| #define PACKAGE_BUGREPORT "BUG-REPORT-ADDRESS"
| #define STDC_HEADERS 1
| #define HAVE_SYS_TYPES_H 1
| #define HAVE_SYS_STAT_H 1
| #define HAVE_STDLIB_H 1
| #define HAVE_STRING_H 1
| #define HAVE_MEMORY_H 1
| #define HAVE_STRINGS_H 1
| #define HAVE_INTTYPES_H 1
| #define HAVE_STDINT_H 1
| #define HAVE_UNISTD_H 1
| #define HAVE_DLFCN_H 1
| #ifdef __cplusplus
| extern "C" void exit (int) throw ();
| #endif
| /* end confdefs.h.  */
| #include <ac_nonexistent.h>
configure:4451: result: g++ -E
configure:4475: g++ -E  conftest.cc
configure:4481: $? = 0
configure:4513: g++ -E  conftest.cc
conftest.cc:23: fatal error: ac_nonexistent.h: No such file or directory
compilation terminated.
configure:4519: $? = 1
configure: failed program was:
| /* confdefs.h.  */
| 
| #define PACKAGE_NAME "Syntactic"
| #define PACKAGE_TARNAME "syntactic"
| #define PACKAGE_VERSION "0.1.2"
| #define PACKAGE_STRING "Syntactic 0.1.2"
| #define PACKAGE_BUGREPORT "BUG-REPORT-ADDRESS"
| #define STDC_HEADERS 1
| #define HAVE_SYS_TYPES_H 1
| #define HAVE_SYS_STAT_H 1
| #define HAVE_STDLIB_H 1
| #define HAVE_STRING_H 1
| #define HAVE_MEMORY_H 1
| #define HAVE_STRINGS_H 1
| #define HAVE_INTTYPES_H 1
| #define HAVE_STDINT_H 1
| #define HAVE_UNISTD_H 1
| #define HAVE_DLFCN_H 1
| #ifdef __cplusplus
| extern "C" void exit (int) throw ();
| #endif
| /* end confdefs.h.  */
| #include <ac_nonexistent.h>
configure:4616: checking for g77
configure:4645: result: no
configure:4616: checking for f77
configure:4632: found /usr/bin/f77
configure:4642: result: f77
configure:4657: checking for Fortran 77 compiler version
configure:4660: f77 --version </dev/null >&5
GNU Fortran (Ubuntu 4.9.1-16ubuntu6) 4.9.1
Copyright (C) 2014 Free Software Foundation, Inc.

GNU Fortran comes with NO WARRANTY, to the extent permitted by law.
You may redistribute copies of GNU Fortran
under the terms of the GNU General Public License.
For more information about these matters, see the file named COPYING

configure:4663: $? = 0
configure:4665: f77 -v </dev/null >&5
Using built-in specs.
COLLECT_GCC=f77
COLLECT_LTO_WRAPPER=/usr/lib/gcc/x86_64-linux-gnu/4.9/lto-wrapper
Target: x86_64-linux-gnu
Configured with: ../src/configure -v --with-pkgversion='Ubuntu 4.9.1-16ubuntu6' --with-bugurl=file:///usr/share/doc/gcc-4.9/README.Bugs --enable-languages=c,c++,java,go,d,fortran,objc,obj-c++ --prefix=/usr --program-suffix=-4.9 --enable-shared --enable-linker-build-id --libexecdir=/usr/lib --without-included-gettext --enable-threads=posix --with-gxx-include-dir=/usr/include/c++/4.9 --libdir=/usr/lib --enable-nls --with-sysroot=/ --enable-clocale=gnu --enable-libstdcxx-debug --enable-libstdcxx-time=yes --enable-gnu-unique-object --disable-vtable-verify --enable-plugin --with-system-zlib --disable-browser-plugin --enable-java-awt=gtk --enable-gtk-cairo --with-java-home=/usr/lib/jvm/java-1.5.0-gcj-4.9-amd64/jre --enable-java-home --with-jvm-root-dir=/usr/lib/jvm/java-1.5.0-gcj-4.9-amd64 --with-jvm-jar-dir=/usr/lib/jvm-exports/java-1.5.0-gcj-4.9-amd64 --with-arch-directory=amd64 --with-ecj-jar=/usr/share/java/eclipse-ecj.jar --enable-objc-gc --enable-multiarch --disable-werror --with-arch-32=i686 --with-abi=m64 --with-multilib-list=m32,m64,mx32 --enable-multilib --with-tune=generic --enable-checking=release --build=x86_64-linux-gnu --host=x86_64-linux-gnu --target=x86_64-linux-gnu
Thread model: posix
gcc version 4.9.1 (Ubuntu 4.9.1-16ubuntu6) 
configure:4668: $? = 0
configure:4670: f77 -V </dev/null >&5
f77: error: unrecognized command line option '-V'
f77: fatal error: no input files
compilation terminated.
configure:4673: $? = 4
configure:4681: checking whether we are using the GNU Fortran 77 compiler
configure:4695: f77 -c  conftest.F >&5
configure:4701: $? = 0
configure:4705: test -z 
			 || test ! -s conftest.err
configure:4708: $? = 0
configure:4711: test -s conftest.o
configure:4714: $? = 0
configure:4727: result: yes
configure:4733: checking whether f77 accepts -g
configure:4745: f77 -c -g conftest.f >&5
configure:4751: $? = 0
configure:4755: test -z 
			 || test ! -s conftest.err
configure:4758: $? = 0
configure:4761: test -s conftest.o
configure:4764: $? = 0
configure:4776: result: yes
configure:4806: checking the maximum length of command line arguments
configure:4915: result: 32768
configure:4926: checking command to parse /usr/bin/nm -B output from gcc object
configure:5031: gcc -c -g -O2  conftest.c >&5
configure:5034: $? = 0
configure:5038: /usr/bin/nm -B conftest.o \| sed -n -e 's/^.*[ 	]\([ABCDGIRSTW][ABCDGIRSTW]*\)[ 	][ 	]*\([_A-Za-z][_A-Za-z0-9]*\)$/\1 \2 \2/p' \> conftest.nm
configure:5041: $? = 0
configure:5093: gcc -o conftest -g -O2   conftest.c conftstm.o >&5
configure:5096: $? = 0
configure:5134: result: ok
configure:5138: checking for objdir
configure:5153: result: .libs
configure:5243: checking for ar
configure:5259: found /usr/bin/ar
configure:5270: result: ar
configure:5323: checking for ranlib
configure:5350: result: ranlib
configure:5403: checking for strip
configure:5419: found /usr/bin/strip
configure:5430: result: strip
configure:5702: checking if gcc supports -fno-rtti -fno-exceptions
configure:5720: gcc -c -g -O2  -fno-rtti -fno-exceptions conftest.c >&5
cc1: warning: command line option "-fno-rtti" is valid for C++/ObjC++ but not for C
configure:5724: $? = 0
configure:5737: result: no
configure:5752: checking for gcc option to produce PIC
configure:5962: result: -fPIC
configure:5970: checking if gcc PIC flag -fPIC works
configure:5988: gcc -c -g -O2  -fPIC -DPIC conftest.c >&5
configure:5992: $? = 0
configure:6005: result: yes
configure:6033: checking if gcc static flag -static works
configure:6061: result: yes
configure:6071: checking if gcc supports -c -o file.o
configure:6092: gcc -c -g -O2  -o out/conftest2.o conftest.c >&5
configure:6096: $? = 0
configure:6118: result: yes
configure:6144: checking whether the gcc linker (/usr/bin/ld -m elf_x86_64) supports shared libraries
configure:7102: result: yes
configure:7123: checking whether -lc should be explicitly linked in
configure:7128: gcc -c -g -O2  conftest.c >&5
configure:7131: $? = 0
configure:7146: gcc -shared conftest.o  -v -Wl,-soname -Wl,conftest -o conftest 2\>\&1 \| grep  -lc  \>/dev/null 2\>\&1
configure:7149: $? = 0
configure:7161: result: no
configure:7169: checking dynamic linker characteristics
configure:7562: gcc -c -g -O2  conftest.c >&5
configure:7565: $? = 0
configure:7778: result: GNU/Linux ld.so
configure:7787: checking how to hardcode library paths into programs
configure:7812: result: immediate
configure:7826: checking whether stripping libraries is possible
configure:7831: result: yes
configure:8665: checking if libtool supports shared libraries
configure:8667: result: yes
configure:8670: checking whether to build shared libraries
configure:8691: result: yes
configure:8694: checking whether to build static libraries
configure:8698: result: yes
configure:8790: creating libtool
configure:9378: checking for ld used by g++
configure:9445: result: /usr/bin/ld -m elf_x86_64
configure:9454: checking if the linker (/usr/bin/ld -m elf_x86_64) is GNU ld
configure:9469: result: yes
configure:9520: checking whether the g++ linker (/usr/bin/ld -m elf_x86_64) supports shared libraries
configure:10458: result: yes
configure:10476: g++ -c -g -O2  conftest.cpp >&5
configure:10479: $? = 0
configure:10598: checking for g++ option to produce PIC
configure:10872: result: -fPIC
configure:10880: checking if g++ PIC flag -fPIC works
configure:10898: g++ -c -g -O2  -fPIC -DPIC conftest.cpp >&5
configure:10902: $? = 0
configure:10915: result: yes
configure:10943: checking if g++ static flag -static works
configure:10971: result: yes
configure:10981: checking if g++ supports -c -o file.o
configure:11002: g++ -c -g -O2  -o out/conftest2.o conftest.cpp >&5
configure:11006: $? = 0
configure:11028: result: yes
configure:11054: checking whether the g++ linker (/usr/bin/ld -m elf_x86_64) supports shared libraries
configure:11079: result: yes
configure:11146: checking dynamic linker characteristics
configure:11539: g++ -c -g -O2  conftest.cpp >&5
configure:11542: $? = 0
configure:11755: result: GNU/Linux ld.so
configure:11764: checking how to hardcode library paths into programs
configure:11789: result: immediate
configure:12315: checking if libtool supports shared libraries
configure:12317: result: yes
configure:12320: checking whether to build shared libraries
configure:12340: result: yes
configure:12343: checking whether to build static libraries
configure:12347: result: yes
configure:12357: checking for f77 option to produce PIC
configure:12567: result: -fPIC
configure:12575: checking if f77 PIC flag -fPIC works
configure:12593: f77 -c -g -O2 -fPIC conftest.f >&5
configure:12597: $? = 0
configure:12610: result: yes
configure:12638: checking if f77 static flag -static works
configure:12666: result: yes
configure:12676: checking if f77 supports -c -o file.o
configure:12697: f77 -c -g -O2 -o out/conftest2.o conftest.f >&5
configure:12701: $? = 0
configure:12723: result: yes
configure:12749: checking whether the f77 linker (/usr/bin/ld -m elf_x86_64) supports shared libraries
configure:13687: result: yes
configure:13754: checking dynamic linker characteristics
configure:14147: f77 -c -g -O2 conftest.f >&5
Warning: conftest.f:1: Illegal preprocessor directive
configure:14150: $? = 0
configure:14363: result: GNU/Linux ld.so
configure:14372: checking how to hardcode library paths into programs
configure:14397: result: immediate
configure:17995: checking for a BSD-compatible install
configure:18050: result: /usr/bin/install -c
configure:18061: checking whether build environment is sane
configure:18104: result: yes
configure:18169: checking for gawk
configure:18185: found /usr/bin/gawk
configure:18195: result: gawk
configure:18205: checking whether make sets $(MAKE)
configure:18225: result: yes
configure:18255: checking for style of include used by make
configure:18283: result: GNU
configure:18459: checking dependency style of gcc
configure:18549: result: gcc3
configure:18568: checking dependency style of g++
configure:18658: result: gcc3
configure:18776: checking for C++ compiler version
configure:18779: g++ --version </dev/null >&5
g++ (Ubuntu/Linaro 4.4.7-8ubuntu1) 4.4.7
Copyright (C) 2010 Free Software Foundation, Inc.
This is free software; see the source for copying conditions.  There is NO
warranty; not even for MERCHANTABILITY or FITNESS FOR A PARTICULAR PURPOSE.

configure:18782: $? = 0
configure:18784: g++ -v </dev/null >&5
Using built-in specs.
Target: x86_64-linux-gnu
Configured with: ../src/configure -v --with-pkgversion='Ubuntu/Linaro 4.4.7-8ubuntu1' --with-bugurl=file:///usr/share/doc/gcc-4.4/README.Bugs --enable-languages=c,c++,fortran --prefix=/usr --program-suffix=-4.4 --enable-shared --enable-linker-build-id --with-system-zlib --libexecdir=/usr/lib --without-included-gettext --enable-threads=posix --with-gxx-include-dir=/usr/include/c++/4.4 --libdir=/usr/lib --enable-nls --with-sysroot=/ --enable-clocale=gnu --enable-libstdcxx-debug --disable-libmudflap --disable-werror --with-arch-32=i686 --with-tune=generic --enable-checking=release --build=x86_64-linux-gnu --host=x86_64-linux-gnu --target=x86_64-linux-gnu
Thread model: posix
gcc version 4.4.7 (Ubuntu/Linaro 4.4.7-8ubuntu1) 
configure:18787: $? = 0
configure:18789: g++ -V </dev/null >&5
g++: '-V' option must have argument
configure:18792: $? = 1
configure:18795: checking whether we are using the GNU C++ compiler
configure:18851: result: yes
configure:18857: checking whether g++ accepts -g
configure:18908: result: yes
configure:18950: g++ -c -g -O2  conftest.cc >&5
configure:18956: $? = 0
configure:18960: test -z 
			 || test ! -s conftest.err
configure:18963: $? = 0
configure:18966: test -s conftest.o
configure:18969: $? = 0
configure:18995: g++ -c -g -O2  conftest.cc >&5
configure:19001: $? = 0
configure:19005: test -z 
			 || test ! -s conftest.err
configure:19008: $? = 0
configure:19011: test -s conftest.o
configure:19014: $? = 0
configure:19083: checking for gcc
configure:19109: result: gcc
configure:19353: checking for C compiler version
configure:19356: gcc --version </dev/null >&5
gcc (Ubuntu/Linaro 4.4.7-8ubuntu1) 4.4.7
Copyright (C) 2010 Free Software Foundation, Inc.
This is free software; see the source for copying conditions.  There is NO
warranty; not even for MERCHANTABILITY or FITNESS FOR A PARTICULAR PURPOSE.

configure:19359: $? = 0
configure:19361: gcc -v </dev/null >&5
Using built-in specs.
Target: x86_64-linux-gnu
Configured with: ../src/configure -v --with-pkgversion='Ubuntu/Linaro 4.4.7-8ubuntu1' --with-bugurl=file:///usr/share/doc/gcc-4.4/README.Bugs --enable-languages=c,c++,fortran --prefix=/usr --program-suffix=-4.4 --enable-shared --enable-linker-build-id --with-system-zlib --libexecdir=/usr/lib --without-included-gettext --enable-threads=posix --with-gxx-include-dir=/usr/include/c++/4.4 --libdir=/usr/lib --enable-nls --with-sysroot=/ --enable-clocale=gnu --enable-libstdcxx-debug --disable-libmudflap --disable-werror --with-arch-32=i686 --with-tune=generic --enable-checking=release --build=x86_64-linux-gnu --host=x86_64-linux-gnu --target=x86_64-linux-gnu
Thread model: posix
gcc version 4.4.7 (Ubuntu/Linaro 4.4.7-8ubuntu1) 
configure:19364: $? = 0
configure:19366: gcc -V </dev/null >&5
gcc: '-V' option must have argument
configure:19369: $? = 1
configure:19372: checking whether we are using the GNU C compiler
configure:19428: result: yes
configure:19434: checking whether gcc accepts -g
configure:19485: result: yes
configure:19502: checking for gcc option to accept ANSI C
configure:19609: result: none needed
configure:19627: gcc -c -g -O2  conftest.c >&5
conftest.c:2: error: expected '=', ',', ';', 'asm' or '__attribute__' before 'me'
configure:19633: $? = 1
configure: failed program was:
| #ifndef __cplusplus
|   choke me
| #endif
configure:19769: checking for gsl_blas_ccopy in -lgsl
configure:19799: gcc -o conftest -g -O2   conftest.c -lgsl   >&5
/usr/bin/ld: cannot find -lgsl
collect2: ld returned 1 exit status
configure:19805: $? = 1
configure: failed program was:
| /* confdefs.h.  */
| 
| #define PACKAGE_NAME "Syntactic"
| #define PACKAGE_TARNAME "syntactic"
| #define PACKAGE_VERSION "0.1.2"
| #define PACKAGE_STRING "Syntactic 0.1.2"
| #define PACKAGE_BUGREPORT "BUG-REPORT-ADDRESS"
| #define STDC_HEADERS 1
| #define HAVE_SYS_TYPES_H 1
| #define HAVE_SYS_STAT_H 1
| #define HAVE_STDLIB_H 1
| #define HAVE_STRING_H 1
| #define HAVE_MEMORY_H 1
| #define HAVE_STRINGS_H 1
| #define HAVE_INTTYPES_H 1
| #define HAVE_STDINT_H 1
| #define HAVE_UNISTD_H 1
| #define HAVE_DLFCN_H 1
| #ifdef __cplusplus
| extern "C" void exit (int) throw ();
| #endif
| #define PACKAGE "syntactic"
| #define VERSION "0.1.2"
| /* end confdefs.h.  */
| 
| /* Override any gcc2 internal prototype to avoid an error.  */
| #ifdef __cplusplus
| extern "C"
| #endif
| /* We use char because int might match the return type of a gcc2
|    builtin and then its argument prototype would still apply.  */
| char gsl_blas_ccopy ();
| int
| main ()
| {
| gsl_blas_ccopy ();
|   ;
|   return 0;
| }
configure:19831: result: no
configure:19843: checking for cblas_ccopy in -lgslcblas
configure:19873: gcc -o conftest -g -O2   conftest.c -lgslcblas   >&5
/usr/bin/ld: cannot find -lgslcblas
collect2: ld returned 1 exit status
configure:19879: $? = 1
configure: failed program was:
| /* confdefs.h.  */
| 
| #define PACKAGE_NAME "Syntactic"
| #define PACKAGE_TARNAME "syntactic"
| #define PACKAGE_VERSION "0.1.2"
| #define PACKAGE_STRING "Syntactic 0.1.2"
| #define PACKAGE_BUGREPORT "BUG-REPORT-ADDRESS"
| #define STDC_HEADERS 1
| #define HAVE_SYS_TYPES_H 1
| #define HAVE_SYS_STAT_H 1
| #define HAVE_STDLIB_H 1
| #define HAVE_STRING_H 1
| #define HAVE_MEMORY_H 1
| #define HAVE_STRINGS_H 1
| #define HAVE_INTTYPES_H 1
| #define HAVE_STDINT_H 1
| #define HAVE_UNISTD_H 1
| #define HAVE_DLFCN_H 1
| #ifdef __cplusplus
| extern "C" void exit (int) throw ();
| #endif
| #define PACKAGE "syntactic"
| #define VERSION "0.1.2"
| /* end confdefs.h.  */
| 
| /* Override any gcc2 internal prototype to avoid an error.  */
| #ifdef __cplusplus
| extern "C"
| #endif
| /* We use char because int might match the return type of a gcc2
|    builtin and then its argument prototype would still apply.  */
| char cblas_ccopy ();
| int
| main ()
| {
| cblas_ccopy ();
|   ;
|   return 0;
| }
configure:19905: result: no
configure:19918: checking for ANSI C header files
configure:20074: result: yes
configure:20090: checking for stdlib.h
configure:20095: result: yes
configure:20090: checking for string.h
configure:20095: result: yes
configure:20237: checking for stdbool.h that conforms to C99
configure:20290: gcc -c -g -O2  conftest.c >&5
configure:20296: $? = 0
configure:20300: test -z 
			 || test ! -s conftest.err
configure:20303: $? = 0
configure:20306: test -s conftest.o
configure:20309: $? = 0
configure:20320: result: yes
configure:20322: checking for _Bool
configure:20346: gcc -c -g -O2  conftest.c >&5
configure:20352: $? = 0
configure:20356: test -z 
			 || test ! -s conftest.err
configure:20359: $? = 0
configure:20362: test -s conftest.o
configure:20365: $? = 0
configure:20376: result: yes
configure:20395: checking for an ANSI C-conforming const
configure:20462: gcc -c -g -O2  conftest.c >&5
configure:20468: $? = 0
configure:20472: test -z 
			 || test ! -s conftest.err
configure:20475: $? = 0
configure:20478: test -s conftest.o
configure:20481: $? = 0
configure:20492: result: yes
configure:20509: checking for atexit
configure:20566: gcc -o conftest -g -O2   conftest.c  >&5
configure:20572: $? = 0
configure:20576: test -z 
			 || test ! -s conftest.err
configure:20579: $? = 0
configure:20582: test -s conftest
configure:20585: $? = 0
configure:20597: result: yes
configure:20509: checking for sqrt
configure:20566: gcc -o conftest -g -O2   conftest.c  >&5
conftest.c:55: warning: conflicting types for built-in function 'sqrt'
/tmp/ccI6JFbs.o: In function `main':
/home/adithya/Desktop/libsyntactic/conftest.c:70: undefined reference to `sqrt'
/tmp/ccI6JFbs.o:(.data+0x0): undefined reference to `sqrt'
collect2: ld returned 1 exit status
configure:20572: $? = 1
configure: failed program was:
| /* confdefs.h.  */
| 
| #define PACKAGE_NAME "Syntactic"
| #define PACKAGE_TARNAME "syntactic"
| #define PACKAGE_VERSION "0.1.2"
| #define PACKAGE_STRING "Syntactic 0.1.2"
| #define PACKAGE_BUGREPORT "BUG-REPORT-ADDRESS"
| #define STDC_HEADERS 1
| #define HAVE_SYS_TYPES_H 1
| #define HAVE_SYS_STAT_H 1
| #define HAVE_STDLIB_H 1
| #define HAVE_STRING_H 1
| #define HAVE_MEMORY_H 1
| #define HAVE_STRINGS_H 1
| #define HAVE_INTTYPES_H 1
| #define HAVE_STDINT_H 1
| #define HAVE_UNISTD_H 1
| #define HAVE_DLFCN_H 1
| #ifdef __cplusplus
| extern "C" void exit (int) throw ();
| #endif
| #define PACKAGE "syntactic"
| #define VERSION "0.1.2"
| #define STDC_HEADERS 1
| #define HAVE_STDLIB_H 1
| #define HAVE_STRING_H 1
| #define HAVE__BOOL 1
| #define HAVE_STDBOOL_H 1
| #define HAVE_ATEXIT 1
| /* end confdefs.h.  */
| /* Define sqrt to an innocuous variant, in case <limits.h> declares sqrt.
|    For example, HP-UX 11i <limits.h> declares gettimeofday.  */
| #define sqrt innocuous_sqrt
| 
| /* System header to define __stub macros and hopefully few prototypes,
|     which can conflict with char sqrt (); below.
|     Prefer <limits.h> to <assert.h> if __STDC__ is defined, since
|     <limits.h> exists even on freestanding compilers.  */
| 
| #ifdef __STDC__
| # include <limits.h>
| #else
| # include <assert.h>
| #endif
| 
| #undef sqrt
| 
| /* Override any gcc2 internal prototype to avoid an error.  */
| #ifdef __cplusplus
| extern "C"
| {
| #endif
| /* We use char because int might match the return type of a gcc2
|    builtin and then its argument prototype would still apply.  */
| char sqrt ();
| /* The GNU C library defines this for functions which it implements
|     to always fail with ENOSYS.  Some functions are actually named
|     something starting with __ and the normal name is an alias.  */
| #if defined (__stub_sqrt) || defined (__stub___sqrt)
| choke me
| #else
| char (*f) () = sqrt;
| #endif
| #ifdef __cplusplus
| }
| #endif
| 
| int
| main ()
| {
| return f != sqrt;
|   ;
|   return 0;
| }
configure:20597: result: no
configure:20727: creating ./config.status

## ---------------------- ##
## Running config.status. ##
## ---------------------- ##

This file was extended by Syntactic config.status 0.1.2, which was
generated by GNU Autoconf 2.59.  Invocation command line was

  CONFIG_FILES    = 
  CONFIG_HEADERS  = 
  CONFIG_LINKS    = 
  CONFIG_COMMANDS = 
  $ ./config.status 

on musicBox

config.status:714: creating Makefile
config.status:818: creating config.h
config.status:1118: executing depfiles commands

## ---------------- ##
## Cache variables. ##
## ---------------- ##

ac_cv_build=x86_64-unknown-linux-gnu
ac_cv_build_alias=x86_64-unknown-linux-gnu
ac_cv_c_compiler_gnu=yes
ac_cv_c_const=yes
ac_cv_cxx_compiler_gnu=yes
ac_cv_env_CC_set=
ac_cv_env_CC_value=
ac_cv_env_CFLAGS_set=
ac_cv_env_CFLAGS_value=
ac_cv_env_CPPFLAGS_set=
ac_cv_env_CPPFLAGS_value=
ac_cv_env_CPP_set=
ac_cv_env_CPP_value=
ac_cv_env_CXXCPP_set=
ac_cv_env_CXXCPP_value=
ac_cv_env_CXXFLAGS_set=
ac_cv_env_CXXFLAGS_value=
ac_cv_env_CXX_set=
ac_cv_env_CXX_value=
ac_cv_env_F77_set=
ac_cv_env_F77_value=
ac_cv_env_FFLAGS_set=
ac_cv_env_FFLAGS_value=
ac_cv_env_LDFLAGS_set=
ac_cv_env_LDFLAGS_value=
ac_cv_env_build_alias_set=
ac_cv_env_build_alias_value=
ac_cv_env_host_alias_set=
ac_cv_env_host_alias_value=
ac_cv_env_target_alias_set=
ac_cv_env_target_alias_value=
ac_cv_exeext=
ac_cv_f77_compiler_gnu=yes
ac_cv_func_atexit=yes
ac_cv_func_sqrt=no
ac_cv_header_dlfcn_h=yes
ac_cv_header_inttypes_h=yes
ac_cv_header_memory_h=yes
ac_cv_header_stdbool_h=yes
ac_cv_header_stdc=yes
ac_cv_header_stdint_h=yes
ac_cv_header_stdlib_h=yes
ac_cv_header_string_h=yes
ac_cv_header_strings_h=yes
ac_cv_header_sys_stat_h=yes
ac_cv_header_sys_types_h=yes
ac_cv_header_unistd_h=yes
ac_cv_host=x86_64-unknown-linux-gnu
ac_cv_host_alias=x86_64-unknown-linux-gnu
ac_cv_lib_gsl_gsl_blas_ccopy=no
ac_cv_lib_gslcblas_cblas_ccopy=no
ac_cv_objext=o
ac_cv_path_install='/usr/bin/install -c'
ac_cv_prog_AWK=gawk
ac_cv_prog_CPP='gcc -E'
ac_cv_prog_CXXCPP='g++ -E'
ac_cv_prog_ac_ct_AR=ar
ac_cv_prog_ac_ct_CC=gcc
ac_cv_prog_ac_ct_CXX=g++
ac_cv_prog_ac_ct_F77=f77
ac_cv_prog_ac_ct_RANLIB=ranlib
ac_cv_prog_ac_ct_STRIP=strip
ac_cv_prog_cc_g=yes
ac_cv_prog_cc_stdc=
ac_cv_prog_cxx_g=yes
ac_cv_prog_egrep='grep -E'
ac_cv_prog_f77_g=yes
ac_cv_prog_make_make_set=yes
ac_cv_type__Bool=yes
am_cv_CC_dependencies_compiler_type=gcc3
am_cv_CXX_dependencies_compiler_type=gcc3
lt_cv_deplibs_check_method=pass_all
lt_cv_file_magic_cmd='$MAGIC_CMD'
lt_cv_file_magic_test_file=
lt_cv_ld_reload_flag=-r
lt_cv_objdir=.libs
lt_cv_path_LD=/usr/bin/ld
lt_cv_path_LDCXX='/usr/bin/ld -m elf_x86_64'
lt_cv_path_NM='/usr/bin/nm -B'
lt_cv_path_SED=/bin/sed
lt_cv_prog_compiler_c_o=yes
lt_cv_prog_compiler_c_o_CXX=yes
lt_cv_prog_compiler_c_o_F77=yes
lt_cv_prog_compiler_rtti_exceptions=no
lt_cv_prog_gnu_ld=yes
lt_cv_prog_gnu_ldcxx=yes
lt_cv_sys_global_symbol_pipe='sed -n -e '\''s/^.*[ 	]\([ABCDGIRSTW][ABCDGIRSTW]*\)[ 	][ 	]*\([_A-Za-z][_A-Za-z0-9]*\)$/\1 \2 \2/p'\'''
lt_cv_sys_global_symbol_to_c_name_address='sed -n -e '\''s/^: \([^ ]*\) $/  {\"\1\", (lt_ptr) 0},/p'\'' -e '\''s/^[BCDEGRST] \([^ ]*\) \([^ ]*\)$/  {"\2", (lt_ptr) \&\2},/p'\'''
lt_cv_sys_global_symbol_to_cdecl='sed -n -e '\''s/^. .* \(.*\)$/extern int \1;/p'\'''
lt_cv_sys_max_cmd_len=32768
lt_lt_cv_prog_compiler_c_o='"yes"'
lt_lt_cv_prog_compiler_c_o_CXX='"yes"'
lt_lt_cv_prog_compiler_c_o_F77='"yes"'
lt_lt_cv_sys_global_symbol_pipe='"sed -n -e '\''s/^.*[ 	]\\([ABCDGIRSTW][ABCDGIRSTW]*\\)[ 	][ 	]*\\([_A-Za-z][_A-Za-z0-9]*\\)\$/\\1 \\2 \\2/p'\''"'
lt_lt_cv_sys_global_symbol_to_c_name_address='"sed -n -e '\''s/^: \\([^ ]*\\) \$/  {\\\"\\1\\\", (lt_ptr) 0},/p'\'' -e '\''s/^[BCDEGRST] \\([^ ]*\\) \\([^ ]*\\)\$/  {\"\\2\", (lt_ptr) \\&\\2},/p'\''"'
lt_lt_cv_sys_global_symbol_to_cdecl='"sed -n -e '\''s/^. .* \\(.*\\)\$/extern int \\1;/p'\''"'

## ----------------- ##
## Output variables. ##
## ----------------- ##

ACLOCAL='${SHELL} /home/adithya/Desktop/libsyntactic/missing --run aclocal-1.9'
AMDEPBACKSLASH='\'
AMDEP_FALSE='#'
AMDEP_TRUE=''
AMTAR='${SHELL} /home/adithya/Desktop/libsyntactic/missing --run tar'
AR='ar'
AUTOCONF='${SHELL} /home/adithya/Desktop/libsyntactic/missing --run autoconf'
AUTOHEADER='${SHELL} /home/adithya/Desktop/libsyntactic/missing --run autoheader'
AUTOMAKE='${SHELL} /home/adithya/Desktop/libsyntactic/missing --run automake-1.9'
AWK='gawk'
CC='gcc'
CCDEPMODE='depmode=gcc3'
CFLAGS='-g -O2'
CPP='gcc -E'
CPPFLAGS=''
CXX='g++'
CXXCPP='g++ -E'
CXXDEPMODE='depmode=gcc3'
CXXFLAGS='-g -O2'
CYGPATH_W='echo'
DEFS='-DHAVE_CONFIG_H'
DEPDIR='.deps'
ECHO='echo'
ECHO_C=''
ECHO_N='-n'
ECHO_T=''
EGREP='grep -E'
EXEEXT=''
F77='f77'
FFLAGS='-g -O2'
INSTALL_DATA='${INSTALL} -m 644'
INSTALL_PROGRAM='${INSTALL}'
INSTALL_SCRIPT='${INSTALL}'
INSTALL_STRIP_PROGRAM='${SHELL} $(install_sh) -c -s'
LDFLAGS=''
LIBOBJS=''
LIBS=''
LIBTOOL='$(SHELL) $(top_builddir)/libtool'
LN_S='ln -s'
LTLIBOBJS=''
MAKEINFO='${SHELL} /home/adithya/Desktop/libsyntactic/missing --run makeinfo'
OBJEXT='o'
PACKAGE='syntactic'
PACKAGE_BUGREPORT='BUG-REPORT-ADDRESS'
PACKAGE_NAME='Syntactic'
PACKAGE_STRING='Syntactic 0.1.2'
PACKAGE_TARNAME='syntactic'
PACKAGE_VERSION='0.1.2'
PATH_SEPARATOR=':'
RANLIB='ranlib'
SET_MAKE=''
SHELL='/bin/bash'
STRIP='strip'
VERSION='0.1.2'
ac_ct_AR='ar'
ac_ct_CC='gcc'
ac_ct_CXX='g++'
ac_ct_F77='f77'
ac_ct_RANLIB='ranlib'
ac_ct_STRIP='strip'
am__fastdepCC_FALSE='#'
am__fastdepCC_TRUE=''
am__fastdepCXX_FALSE='#'
am__fastdepCXX_TRUE=''
am__include='include'
am__leading_dot='.'
am__quote=''
am__tar='${AMTAR} chof - "$$tardir"'
am__untar='${AMTAR} xf -'
bindir='${exec_prefix}/bin'
build='x86_64-unknown-linux-gnu'
build_alias=''
build_cpu='x86_64'
build_os='linux-gnu'
build_vendor='unknown'
datadir='${prefix}/share'
exec_prefix='${prefix}'
host='x86_64-unknown-linux-gnu'
host_alias=''
host_cpu='x86_64'
host_os='linux-gnu'
host_vendor='unknown'
includedir='${prefix}/include'
infodir='${prefix}/info'
install_sh='/home/adithya/Desktop/libsyntactic/install-sh'
libdir='${exec_prefix}/lib'
libexecdir='${exec_prefix}/libexec'
localstatedir='${prefix}/var'
mandir='${prefix}/man'
mkdir_p='mkdir -p --'
oldincludedir='/usr/include'
prefix='/usr/local'
program_transform_name='s,x,x,'
sbindir='${exec_prefix}/sbin'
sharedstatedir='${prefix}/com'
sysconfdir='${prefix}/etc'
target_alias=''

## ----------- ##
## confdefs.h. ##
## ----------- ##

#define HAVE_ATEXIT 1
#define HAVE_DLFCN_H 1
#define HAVE_INTTYPES_H 1
#define HAVE_MEMORY_H 1
#define HAVE_STDBOOL_H 1
#define HAVE_STDINT_H 1
#define HAVE_STDLIB_H 1
#define HAVE_STDLIB_H 1
#define HAVE_STRINGS_H 1
#define HAVE_STRING_H 1
#define HAVE_STRING_H 1
#define HAVE_SYS_STAT_H 1
#define HAVE_SYS_TYPES_H 1
#define HAVE_UNISTD_H 1
#define HAVE__BOOL 1
#define PACKAGE "syntactic"
#define PACKAGE_BUGREPORT "BUG-REPORT-ADDRESS"
#define PACKAGE_NAME "Syntactic"
#define PACKAGE_STRING "Syntactic 0.1.2"
#define PACKAGE_TARNAME "syntactic"
#define PACKAGE_VERSION "0.1.2"
#define STDC_HEADERS 1
#define STDC_HEADERS 1
#define VERSION "0.1.2"
#endif
#ifdef __cplusplus
extern "C" void exit (int) throw ();

configure: exit 0
